[2026-01-19 21:04:18,052 -- INFO]--> Explain machine learning in simple words for begineer

[2026-01-19 21:09:03,560 -- INFO]--> Explain machine learning in simple words for begineer
[2026-01-19 21:09:10,918 -- INFO]--> HTTP Request: POST http://127.0.0.1:11434/api/chat "HTTP/1.1 200 OK"
[2026-01-19 21:09:42,778 -- INFO]--> Okay, let's break down machine learning in a way that's easy to understand for beginners.

**What is Machine Learning?**

Imagine you're teaching a dog a trick. You don't tell the dog *exactly* how to do it – you show it, reward it when it gets close, and correct it when it's wrong. Eventually, the dog learns to do the trick on its own.

Machine learning is similar. Instead of programming a computer with specific instructions for *every* possible situation, we **give** it data and let it learn patterns from that data.  It's like teaching a computer to recognize things without explicitly telling it what to look for.

**Here's a simpler breakdown:**

1. **Data is Key:** Machine learning algorithms need *data*. This could be anything – pictures of cats, customer reviews, sales figures, weather patterns, etc. The more data, the better the learning.

2. **Algorithms Learn:**  There are different types of algorithms (think of them as different recipes).  They're mathematical formulas that help the computer find patterns in the data.  Some popular ones include:
   * **Linear Regression:**  Used for predicting things based on a simple relationship (like predicting house prices).
   * **Decision Trees:**  Like a flowchart that makes decisions based on the data.
   * **Neural Networks:**  Inspired by the human brain, these are good at recognizing complex patterns.

3. **Training:** We feed the algorithm the data. The algorithm analyzes the data and tries to find the best way to make predictions. It adjusts itself slightly based on the errors it makes.  Think of it as the dog getting better at the trick with each repetition.

4. **Prediction/Use:** Once the algorithm is trained, we can give it *new* data it hasn't seen before. It uses what it learned to make predictions or decisions.

**Examples You Might Already Know:**

* **Netflix Recommendations:** Netflix learns what you like based on what you've watched before.
* **Spam Filters:** Your email provider uses machine learning to identify spam.
* **Voice Assistants (Siri, Alexa):** They use machine learning to understand your voice and respond to your requests.
* **Self-Driving Cars:** They use machine learning to recognize objects and navigate roads.


**Important Note:** Machine learning isn't about robots taking over the world! It's about creating tools that can *automatically* learn from data and make better decisions.


**In a nutshell, machine learning is about teaching computers to learn from data so they can make predictions or decisions without being explicitly programmed for every situation.**

---

**To help me tailor this explanation further, could you tell me:**

*   **What's your current level of understanding of technology?** (e.g., just starting out, a little familiar, etc.)
*   **Are you interested in a specific type of machine learning?** (e.g., image recognition, natural language processing?)
[2026-01-21 18:02:26,932 -- INFO]--> Explain Python in simple words within three sentences for beginners.
[2026-01-21 18:05:53,682 -- INFO]--> Explain Python in simple words within three sentences for beginners.
[2026-01-21 18:26:17,510 -- INFO]--> Explain Python in simple words within three sentences for beginners.
[2026-01-21 18:27:14,097 -- INFO]--> Explain Python in simple words within three sentences for beginners.
[2026-01-21 18:37:22,405 -- INFO]--> Explain Python in simple words within three sentences for beginners.
[2026-01-21 18:37:28,261 -- INFO]--> HTTP Request: POST http://127.0.0.1:11434/api/chat "HTTP/1.1 200 OK"
[2026-01-21 18:37:32,299 -- INFO]--> Python is a programming language that’s easy to read and understand, making it great for beginners. It’s used to write instructions for computers to do specific tasks, like creating websites or analyzing data. Essentially, you write code in Python that tells the computer what to do, step-by-step, and it helps you build all sorts of things!
[2026-01-21 18:40:09,320 -- INFO]--> Explain C++ in simple words within three sentences for beginners.
[2026-01-21 18:40:12,494 -- INFO]--> HTTP Request: POST http://127.0.0.1:11434/api/chat "HTTP/1.1 200 OK"
[2026-01-21 18:40:15,941 -- INFO]--> C++ is a programming language used to create software for computers, like games and apps. It allows you to control the computer's hardware and give it instructions to do specific tasks. Essentially, you write code in C++ that tells the computer what to do, and it executes those instructions to create the software you see on your screen.
[2026-01-21 19:04:01,085 -- INFO]--> Explain C++ in simple words within three sentences for beginners. Make three bullet points for each answer.
[2026-01-21 19:04:07,947 -- INFO]--> HTTP Request: POST http://127.0.0.1:11434/api/chat "HTTP/1.1 200 OK"
[2026-01-21 19:04:28,550 -- INFO]--> Okay, here's a simple explanation of C++ in three sentences, broken down into bullet points:

*   **C++ is a programming language that lets you create software for computers.** It’s designed to be powerful and flexible, meaning you can build a wide variety of things, from games to apps.
*   **It uses variables – named containers for storing data – and uses instructions called "statements" to tell the computer what to do.** Think of it like giving the computer specific steps to follow.
*   **C++ is used for building complex applications, and it’s also popular for game development because it gives you a lot of control over how the computer runs.**  It’s a popular choice for developers who want to create really detailed and fast software.

---

Here’s a breakdown of each point with a little more detail:

**1.  What is C++?**

*   C++ is a language used to write software for computers.
*   It’s designed to be powerful and flexible, allowing you to build many different types of programs.
*   It’s a language that lets you control exactly how the computer executes instructions.

**2.  Variables and Statements**

*   Variables are like labeled boxes where you store information (like a number or a word).
*   Statements are the instructions that tell the computer what to do – like adding two numbers or printing something on the screen.
*   The computer follows these instructions to perform tasks, like calculating or displaying data.

**3.  Why Use C++?**

*   It’s used for creating games, apps, and other software.
*   It gives you a lot of control over how the computer runs, which is important for complex programs.
*   It’s a popular choice for developers who want to build really detailed and fast software.

Do you want me to elaborate on any of these points or provide an example?
